{
  "location": {
    "name": "Sao Pedro Do Sul",
    "region": "Viseu",
    "country": "Portugal",
    "lat": 40.75,
    "lon": -8.06,
    "tz_id": "Europe/Lisbon",
    "localtime_epoch": 1704838513,
    "localtime": "2024-01-09 22:15"
  },
  "current": {
    "last_updated_epoch": 1704838500,
    "last_updated": "2024-01-09 22:15",
    "temp_c": 7,
    "temp_f": 44.6,
    "is_day": 0,
    "condition": {
      "text": "Fog",
      "icon": "//cdn.weatherapi.com/weather/64x64/night/248.png",
      "code": 1135
    },
    "wind_mph": 2.5,
    "wind_kph": 4,
    "wind_degree": 215,
    "wind_dir": "SW",
    "pressure_mb": 1020,
    "pressure_in": 30.11,
    "precip_mm": 0,
    "precip_in": 0,
    "humidity": 98,
    "cloud": 100,
    "feelslike_c": 6.8,
    "feelslike_f": 44.2,
    "vis_km": 0,
    "vis_miles": 0,
    "uv": 1,
    "gust_mph": 4.1,
    "gust_kph": 6.6
  }
}
